<?xml version="1.0" encoding="UTF-8"?>
<!-- Generated by org.testng.reporters.JUnitXMLReporter -->
<testsuite hostname="admin-PC" ignored="0" name="RegressionTest" tests="15" failures="1" timestamp="2020-10-09T20:55:08 IST" time="552.889" errors="0">
  <testcase name="getTitleTest" time="0.306" classname="com.cogmento.qa.testcases.LandingPageTest"/>
  <testcase name="sloganTextTest" time="0.425" classname="com.cogmento.qa.testcases.LandingPageTest"/>
  <testcase name="signUpBtnTest" time="22.175" classname="com.cogmento.qa.testcases.LandingPageTest"/>
  <testcase name="loginBtnTest" time="22.308" classname="com.cogmento.qa.testcases.LandingPageTest"/>
  <testcase name="loginTest" time="2.799" classname="com.cogmento.qa.testcases.LoginPageTest"/>
  <testcase name="forgotPasswordLinkTest" time="7.146" classname="com.cogmento.qa.testcases.LoginPageTest"/>
  <testcase name="signupLinkTest" time="13.436" classname="com.cogmento.qa.testcases.LoginPageTest"/>
  <testcase name="contactsPageLinkTest" time="3.196" classname="com.cogmento.qa.testcases.HomePageTest"/>
  <testcase name="verifyHomePageTitleTest" time="0.172" classname="com.cogmento.qa.testcases.HomePageTest"/>
  <testcase name="verifyUserNameLabelTest" time="2.18" classname="com.cogmento.qa.testcases.HomePageTest"/>
  <testcase name="verifyContactsLabelTest" time="0.246" classname="com.cogmento.qa.testcases.ContactsPageTest">
    <failure type="java.lang.AssertionError" message="expected [Contacts] but found [true]">
      <![CDATA[java.lang.AssertionError: expected [Contacts] but found [true]
at com.cogmento.qa.testcases.ContactsPageTest.verifyContactsLabelTest(ContactsPageTest.java:41)
at java.util.ArrayList.forEach(Unknown Source)
... Removed 31 stack frames]]>
    </failure>
  </testcase> <!-- verifyContactsLabelTest -->
  <testcase name="clickSelectAllCBTest" time="1.307" classname="com.cogmento.qa.testcases.ContactsPageTest"/>
  <testcase name="createNewContactTest" time="4.536" classname="com.cogmento.qa.testcases.ContactsPageTest"/>
  <testcase name="createNewContactTest" time="3.85" classname="com.cogmento.qa.testcases.ContactsPageTest"/>
  <testcase name="createNewContactTest" time="3.091" classname="com.cogmento.qa.testcases.ContactsPageTest"/>
</testsuite> <!-- RegressionTest -->
