<!DOCTYPE html>

<html>
  <head>
  <meta charset='utf-8'>
  <title>TestNG reports</title>

    <link type="text/css" href="testng-reports.css" rel="stylesheet" />
    <script type="text/javascript" src="jquery-3.4.1.min.js"></script>
    <script type="text/javascript" src="testng-reports.js"></script>
    <script type="text/javascript" src="https://www.google.com/jsapi"></script>
    <script type='text/javascript'>
      google.load('visualization', '1', {packages:['table']});
      google.setOnLoadCallback(drawTable);
      var suiteTableInitFunctions = new Array();
      var suiteTableData = new Array();
    </script>
    <!--
      <script type="text/javascript" src="jquery-ui/js/jquery-ui-1.8.16.custom.min.js"></script>
     -->
  </head>

  <body>
    <div class="top-banner-root">
      <span class="top-banner-title-font">Test results</span>
      <br/>
      <span class="top-banner-font-1">1 suite, 2 failed tests</span>
    </div> <!-- top-banner-root -->
    <div class="navigator-root">
      <div class="navigator-suite-header">
        <span>All suites</span>
        <a href="#" class="collapse-all-link" title="Collapse/expand all the suites">
          <img class="collapse-all-icon" src="collapseall.gif">
          </img> <!-- collapse-all-icon -->
        </a> <!-- collapse-all-link -->
      </div> <!-- navigator-suite-header -->
      <div class="suite">
        <div class="rounded-window">
          <div class="suite-header light-rounded-window-top">
            <a href="#" class="navigator-link" panel-name="suite-com_cogmento_qa">
              <span class="suite-name border-failed">com.cogmento.qa</span>
            </a> <!-- navigator-link -->
          </div> <!-- suite-header light-rounded-window-top -->
          <div class="navigator-suite-content">
            <div class="suite-section-title">
              <span>Info</span>
            </div> <!-- suite-section-title -->
            <div class="suite-section-content">
              <ul>
                <li>
                  <a href="#" class="navigator-link " panel-name="test-xml-com_cogmento_qa">
                    <span>C:\Users\admin\eclipse-workspace\CogmentoCRMFramework\testng.xml</span>
                  </a> <!-- navigator-link  -->
                </li>
                <li>
                  <a href="#" class="navigator-link " panel-name="testlist-com_cogmento_qa">
                    <span class="test-stats">1 test</span>
                  </a> <!-- navigator-link  -->
                </li>
                <li>
                  <a href="#" class="navigator-link " panel-name="group-com_cogmento_qa">
                    <span>0 groups</span>
                  </a> <!-- navigator-link  -->
                </li>
                <li>
                  <a href="#" class="navigator-link " panel-name="times-com_cogmento_qa">
                    <span>Times</span>
                  </a> <!-- navigator-link  -->
                </li>
                <li>
                  <a href="#" class="navigator-link " panel-name="reporter-com_cogmento_qa">
                    <span>Reporter output</span>
                  </a> <!-- navigator-link  -->
                </li>
                <li>
                  <a href="#" class="navigator-link " panel-name="ignored-methods-com_cogmento_qa">
                    <span>Ignored methods</span>
                  </a> <!-- navigator-link  -->
                </li>
                <li>
                  <a href="#" class="navigator-link " panel-name="chronological-com_cogmento_qa">
                    <span>Chronological view</span>
                  </a> <!-- navigator-link  -->
                </li>
              </ul>
            </div> <!-- suite-section-content -->
            <div class="result-section">
              <div class="suite-section-title">
                <span>Results</span>
              </div> <!-- suite-section-title -->
              <div class="suite-section-content">
                <ul>
                  <li>
                    <span class="method-stats">15 methods, 2 failed,  3 skipped,  10 passed</span>
                  </li>
                  <li>
                    <span class="method-list-title failed">Failed methods</span>
                    <span class="show-or-hide-methods failed">
                      <a href="#" panel-name="suite-com_cogmento_qa" class="hide-methods failed suite-com_cogmento_qa"> (hide)</a> <!-- hide-methods failed suite-com_cogmento_qa -->
                      <a href="#" panel-name="suite-com_cogmento_qa" class="show-methods failed suite-com_cogmento_qa"> (show)</a> <!-- show-methods failed suite-com_cogmento_qa -->
                    </span>
                    <div class="method-list-content failed suite-com_cogmento_qa">
                      <span>
                        <img width="3%" src="failed.png"/>
                        <a href="#" class="method navigator-link" panel-name="suite-com_cogmento_qa" title="com.cogmento.qa.testcases.ContactsPageTest" hash-for-method="createNewContactTest(Bruce, Banner, Banner&#039;s Lab)">createNewContactTest(Bruce, Banner, Banner's Lab)</a> <!-- method navigator-link -->
                      </span>
                      <br/>
                      <span>
                        <img width="3%" src="failed.png"/>
                        <a href="#" class="method navigator-link" panel-name="suite-com_cogmento_qa" title="com.cogmento.qa.testcases.LandingPageTest" hash-for-method="loginBtnTest">loginBtnTest</a> <!-- method navigator-link -->
                      </span>
                      <br/>
                    </div> <!-- method-list-content failed suite-com_cogmento_qa -->
                  </li>
                  <li>
                    <span class="method-list-title skipped">Skipped methods</span>
                    <span class="show-or-hide-methods skipped">
                      <a href="#" panel-name="suite-com_cogmento_qa" class="hide-methods skipped suite-com_cogmento_qa"> (hide)</a> <!-- hide-methods skipped suite-com_cogmento_qa -->
                      <a href="#" panel-name="suite-com_cogmento_qa" class="show-methods skipped suite-com_cogmento_qa"> (show)</a> <!-- show-methods skipped suite-com_cogmento_qa -->
                    </span>
                    <div class="method-list-content skipped suite-com_cogmento_qa">
                      <span>
                        <img width="3%" src="skipped.png"/>
                        <a href="#" class="method navigator-link" panel-name="suite-com_cogmento_qa" title="com.cogmento.qa.testcases.LoginPageTest" hash-for-method="forgotPasswordLinkTest">forgotPasswordLinkTest</a> <!-- method navigator-link -->
                      </span>
                      <br/>
                      <span>
                        <img width="3%" src="skipped.png"/>
                        <a href="#" class="method navigator-link" panel-name="suite-com_cogmento_qa" title="com.cogmento.qa.testcases.LoginPageTest" hash-for-method="loginTest">loginTest</a> <!-- method navigator-link -->
                      </span>
                      <br/>
                      <span>
                        <img width="3%" src="skipped.png"/>
                        <a href="#" class="method navigator-link" panel-name="suite-com_cogmento_qa" title="com.cogmento.qa.testcases.LoginPageTest" hash-for-method="signupLinkTest">signupLinkTest</a> <!-- method navigator-link -->
                      </span>
                      <br/>
                    </div> <!-- method-list-content skipped suite-com_cogmento_qa -->
                  </li>
                  <li>
                    <span class="method-list-title passed">Passed methods</span>
                    <span class="show-or-hide-methods passed">
                      <a href="#" panel-name="suite-com_cogmento_qa" class="hide-methods passed suite-com_cogmento_qa"> (hide)</a> <!-- hide-methods passed suite-com_cogmento_qa -->
                      <a href="#" panel-name="suite-com_cogmento_qa" class="show-methods passed suite-com_cogmento_qa"> (show)</a> <!-- show-methods passed suite-com_cogmento_qa -->
                    </span>
                    <div class="method-list-content passed suite-com_cogmento_qa">
                      <span>
                        <img width="3%" src="passed.png"/>
                        <a href="#" class="method navigator-link" panel-name="suite-com_cogmento_qa" title="com.cogmento.qa.testcases.ContactsPageTest" hash-for-method="clickSelectAllCBTest">clickSelectAllCBTest</a> <!-- method navigator-link -->
                      </span>
                      <br/>
                      <span>
                        <img width="3%" src="passed.png"/>
                        <a href="#" class="method navigator-link" panel-name="suite-com_cogmento_qa" title="com.cogmento.qa.testcases.HomePageTest" hash-for-method="contactsPageLinkTest">contactsPageLinkTest</a> <!-- method navigator-link -->
                      </span>
                      <br/>
                      <span>
                        <img width="3%" src="passed.png"/>
                        <a href="#" class="method navigator-link" panel-name="suite-com_cogmento_qa" title="com.cogmento.qa.testcases.ContactsPageTest" hash-for-method="createNewContactTest(Anthony, Stark, Stark Industries)">createNewContactTest(Anthony, Stark, Stark Industries)</a> <!-- method navigator-link -->
                      </span>
                      <br/>
                      <span>
                        <img width="3%" src="passed.png"/>
                        <a href="#" class="method navigator-link" panel-name="suite-com_cogmento_qa" title="com.cogmento.qa.testcases.ContactsPageTest" hash-for-method="createNewContactTest(Bruce, Wayne, Wayne Enterprises)">createNewContactTest(Bruce, Wayne, Wayne Enterprises)</a> <!-- method navigator-link -->
                      </span>
                      <br/>
                      <span>
                        <img width="3%" src="passed.png"/>
                        <a href="#" class="method navigator-link" panel-name="suite-com_cogmento_qa" title="com.cogmento.qa.testcases.LandingPageTest" hash-for-method="signUpBtnTest">signUpBtnTest</a> <!-- method navigator-link -->
                      </span>
                      <br/>
                      <span>
                        <img width="3%" src="passed.png"/>
                        <a href="#" class="method navigator-link" panel-name="suite-com_cogmento_qa" title="com.cogmento.qa.testcases.ContactsPageTest" hash-for-method="verifyContactsLabelTest">verifyContactsLabelTest</a> <!-- method navigator-link -->
                      </span>
                      <br/>
                      <span>
                        <img width="3%" src="passed.png"/>
                        <a href="#" class="method navigator-link" panel-name="suite-com_cogmento_qa" title="com.cogmento.qa.testcases.HomePageTest" hash-for-method="verifyHomePageTitleTest">verifyHomePageTitleTest</a> <!-- method navigator-link -->
                      </span>
                      <br/>
                      <span>
                        <img width="3%" src="passed.png"/>
                        <a href="#" class="method navigator-link" panel-name="suite-com_cogmento_qa" title="com.cogmento.qa.testcases.LandingPageTest" hash-for-method="verifySloganTextTest">verifySloganTextTest</a> <!-- method navigator-link -->
                      </span>
                      <br/>
                      <span>
                        <img width="3%" src="passed.png"/>
                        <a href="#" class="method navigator-link" panel-name="suite-com_cogmento_qa" title="com.cogmento.qa.testcases.LandingPageTest" hash-for-method="verifyTitleTest">verifyTitleTest</a> <!-- method navigator-link -->
                      </span>
                      <br/>
                      <span>
                        <img width="3%" src="passed.png"/>
                        <a href="#" class="method navigator-link" panel-name="suite-com_cogmento_qa" title="com.cogmento.qa.testcases.HomePageTest" hash-for-method="verifyUserNameLabelTest">verifyUserNameLabelTest</a> <!-- method navigator-link -->
                      </span>
                      <br/>
                    </div> <!-- method-list-content passed suite-com_cogmento_qa -->
                  </li>
                </ul>
              </div> <!-- suite-section-content -->
            </div> <!-- result-section -->
          </div> <!-- navigator-suite-content -->
        </div> <!-- rounded-window -->
      </div> <!-- suite -->
    </div> <!-- navigator-root -->
    <div class="wrapper">
      <div class="main-panel-root">
        <div panel-name="suite-com_cogmento_qa" class="panel com_cogmento_qa">
          <div class="suite-com_cogmento_qa-class-failed">
            <div class="main-panel-header rounded-window-top">
              <img src="failed.png"/>
              <span class="class-name">com.cogmento.qa.testcases.ContactsPageTest</span>
            </div> <!-- main-panel-header rounded-window-top -->
            <div class="main-panel-content rounded-window-bottom">
              <div class="method">
                <div class="method-content">
                  <a name="createNewContactTest(Bruce, Banner, Banner&#039;s Lab)">
                  </a> <!-- createNewContactTest(Bruce, Banner, Banner's Lab) -->
                  <span class="method-name">createNewContactTest</span>
                  <span class="parameters">(Bruce, Banner, Banner's Lab)</span>
                  <div class="stack-trace">org.openqa.selenium.NoSuchElementException: no such element: Unable to locate element: {&quot;method&quot;:&quot;xpath&quot;,&quot;selector&quot;:&quot;//input[@name=&apos;first_name&apos;]&quot;}
  (Session info: chrome=86.0.4240.75)
For documentation on this error, please visit: https://www.seleniumhq.org/exceptions/no_such_element.html
Build info: version: &apos;3.141.59&apos;, revision: &apos;e82be7d358&apos;, time: &apos;2018-11-14T08:17:03&apos;
System info: host: &apos;ADMIN-PC&apos;, ip: &apos;192.168.0.186&apos;, os.name: &apos;Windows 7&apos;, os.arch: &apos;amd64&apos;, os.version: &apos;6.1&apos;, java.version: &apos;1.8.0_181&apos;
Driver info: org.openqa.selenium.chrome.ChromeDriver
Capabilities {acceptInsecureCerts: false, browserName: chrome, browserVersion: 86.0.4240.75, chrome: {chromedriverVersion: 85.0.4183.87 (cd6713ebf92fa..., userDataDir: C:\Users\admin\AppData\Loca...}, goog:chromeOptions: {debuggerAddress: localhost:49681}, javascriptEnabled: true, networkConnectionEnabled: false, pageLoadStrategy: normal, platform: WINDOWS, platformName: WINDOWS, proxy: Proxy(), setWindowRect: true, strictFileInteractability: false, timeouts: {implicit: 0, pageLoad: 300000, script: 30000}, unhandledPromptBehavior: dismiss and notify, webauthn:virtualAuthenticators: true}
Session ID: 6aeb679f95a1143dbb6491b5e02bd120
*** Element info: {Using=xpath, value=//input[@name=&apos;first_name&apos;]}
	at org.openqa.selenium.remote.http.W3CHttpResponseCodec.createException(W3CHttpResponseCodec.java:187)
	at org.openqa.selenium.remote.http.W3CHttpResponseCodec.decode(W3CHttpResponseCodec.java:122)
	at org.openqa.selenium.remote.http.W3CHttpResponseCodec.decode(W3CHttpResponseCodec.java:49)
	at org.openqa.selenium.remote.HttpCommandExecutor.execute(HttpCommandExecutor.java:158)
	at org.openqa.selenium.remote.service.DriverCommandExecutor.execute(DriverCommandExecutor.java:83)
	at org.openqa.selenium.remote.RemoteWebDriver.execute(RemoteWebDriver.java:552)
	at org.openqa.selenium.remote.RemoteWebDriver.findElement(RemoteWebDriver.java:323)
	at org.openqa.selenium.remote.RemoteWebDriver.findElementByXPath(RemoteWebDriver.java:428)
	at org.openqa.selenium.By$ByXPath.findElement(By.java:353)
	at org.openqa.selenium.remote.RemoteWebDriver.findElement(RemoteWebDriver.java:315)
	at org.openqa.selenium.support.events.EventFiringWebDriver.lambda$new$1(EventFiringWebDriver.java:105)
	at com.sun.proxy.$Proxy22.findElement(Unknown Source)
	at org.openqa.selenium.support.events.EventFiringWebDriver.findElement(EventFiringWebDriver.java:194)
	at org.openqa.selenium.support.pagefactory.DefaultElementLocator.findElement(DefaultElementLocator.java:69)
	at org.openqa.selenium.support.pagefactory.internal.LocatingElementHandler.invoke(LocatingElementHandler.java:38)
	at com.sun.proxy.$Proxy25.sendKeys(Unknown Source)
	at com.cogmento.qa.pages.ContactsPage.createNewContact(ContactsPage.java:55)
	at com.cogmento.qa.testcases.ContactsPageTest.createNewContactTest(ContactsPageTest.java:74)
	at java.util.ArrayList.forEach(ArrayList.java:1257)
... Removed 38 stack frames
</div> <!-- stack-trace -->
                </div> <!-- method-content -->
              </div> <!-- method -->
            </div> <!-- main-panel-content rounded-window-bottom -->
          </div> <!-- suite-com_cogmento_qa-class-failed -->
          <div class="suite-com_cogmento_qa-class-failed">
            <div class="main-panel-header rounded-window-top">
              <img src="failed.png"/>
              <span class="class-name">com.cogmento.qa.testcases.LandingPageTest</span>
            </div> <!-- main-panel-header rounded-window-top -->
            <div class="main-panel-content rounded-window-bottom">
              <div class="method">
                <div class="method-content">
                  <a name="loginBtnTest">
                  </a> <!-- loginBtnTest -->
                  <span class="method-name">loginBtnTest</span>
                  <div class="stack-trace">org.openqa.selenium.TimeoutException: timeout: Timed out receiving message from renderer: 30.000
  (Session info: chrome=86.0.4240.75)
Build info: version: &apos;3.141.59&apos;, revision: &apos;e82be7d358&apos;, time: &apos;2018-11-14T08:17:03&apos;
System info: host: &apos;ADMIN-PC&apos;, ip: &apos;192.168.0.186&apos;, os.name: &apos;Windows 7&apos;, os.arch: &apos;amd64&apos;, os.version: &apos;6.1&apos;, java.version: &apos;1.8.0_181&apos;
Driver info: org.openqa.selenium.chrome.ChromeDriver
Capabilities {acceptInsecureCerts: false, browserName: chrome, browserVersion: 86.0.4240.75, chrome: {chromedriverVersion: 85.0.4183.87 (cd6713ebf92fa..., userDataDir: C:\Users\admin\AppData\Loca...}, goog:chromeOptions: {debuggerAddress: localhost:65407}, javascriptEnabled: true, networkConnectionEnabled: false, pageLoadStrategy: normal, platform: WINDOWS, platformName: WINDOWS, proxy: Proxy(), setWindowRect: true, strictFileInteractability: false, timeouts: {implicit: 0, pageLoad: 300000, script: 30000}, unhandledPromptBehavior: dismiss and notify, webauthn:virtualAuthenticators: true}
Session ID: a9a305cac6739f582239918f467f8b09
	at org.openqa.selenium.remote.http.W3CHttpResponseCodec.createException(W3CHttpResponseCodec.java:187)
	at org.openqa.selenium.remote.http.W3CHttpResponseCodec.decode(W3CHttpResponseCodec.java:122)
	at org.openqa.selenium.remote.http.W3CHttpResponseCodec.decode(W3CHttpResponseCodec.java:49)
	at org.openqa.selenium.remote.HttpCommandExecutor.execute(HttpCommandExecutor.java:158)
	at org.openqa.selenium.remote.service.DriverCommandExecutor.execute(DriverCommandExecutor.java:83)
	at org.openqa.selenium.remote.RemoteWebDriver.execute(RemoteWebDriver.java:552)
	at org.openqa.selenium.remote.RemoteWebElement.execute(RemoteWebElement.java:285)
	at org.openqa.selenium.remote.RemoteWebElement.click(RemoteWebElement.java:84)
	at org.openqa.selenium.support.events.EventFiringWebDriver$EventFiringWebElement.lambda$new$0(EventFiringWebDriver.java:404)
	at com.sun.proxy.$Proxy26.click(Unknown Source)
	at org.openqa.selenium.support.events.EventFiringWebDriver$EventFiringWebElement.click(EventFiringWebDriver.java:417)
	at org.openqa.selenium.support.pagefactory.internal.LocatingElementHandler.invoke(LocatingElementHandler.java:51)
	at com.sun.proxy.$Proxy25.click(Unknown Source)
	at com.cogmento.qa.pages.LandingPage.clickLoginBtn(LandingPage.java:35)
	at com.cogmento.qa.testcases.LandingPageTest.loginBtnTest(LandingPageTest.java:65)
	at java.util.ArrayList.forEach(ArrayList.java:1257)
... Removed 43 stack frames
</div> <!-- stack-trace -->
                </div> <!-- method-content -->
              </div> <!-- method -->
            </div> <!-- main-panel-content rounded-window-bottom -->
          </div> <!-- suite-com_cogmento_qa-class-failed -->
          <div class="suite-com_cogmento_qa-class-skipped">
            <div class="main-panel-header rounded-window-top">
              <img src="skipped.png"/>
              <span class="class-name">com.cogmento.qa.testcases.LoginPageTest</span>
            </div> <!-- main-panel-header rounded-window-top -->
            <div class="main-panel-content rounded-window-bottom">
              <div class="method">
                <div class="method-content">
                  <a name="forgotPasswordLinkTest">
                  </a> <!-- forgotPasswordLinkTest -->
                  <span class="method-name">forgotPasswordLinkTest</span>
                  <div class="stack-trace">org.openqa.selenium.TimeoutException: timeout: Timed out receiving message from renderer: 28.876
  (Session info: chrome=86.0.4240.75)
Build info: version: &apos;3.141.59&apos;, revision: &apos;e82be7d358&apos;, time: &apos;2018-11-14T08:17:03&apos;
System info: host: &apos;ADMIN-PC&apos;, ip: &apos;192.168.0.186&apos;, os.name: &apos;Windows 7&apos;, os.arch: &apos;amd64&apos;, os.version: &apos;6.1&apos;, java.version: &apos;1.8.0_181&apos;
Driver info: org.openqa.selenium.chrome.ChromeDriver
Capabilities {acceptInsecureCerts: false, browserName: chrome, browserVersion: 86.0.4240.75, chrome: {chromedriverVersion: 85.0.4183.87 (cd6713ebf92fa..., userDataDir: C:\Users\admin\AppData\Loca...}, goog:chromeOptions: {debuggerAddress: localhost:65471}, javascriptEnabled: true, networkConnectionEnabled: false, pageLoadStrategy: normal, platform: WINDOWS, platformName: WINDOWS, proxy: Proxy(), setWindowRect: true, strictFileInteractability: false, timeouts: {implicit: 0, pageLoad: 300000, script: 30000}, unhandledPromptBehavior: dismiss and notify, webauthn:virtualAuthenticators: true}
Session ID: 87070557a6c920ee15c154f1346b688a
	at org.openqa.selenium.remote.http.W3CHttpResponseCodec.createException(W3CHttpResponseCodec.java:187)
	at org.openqa.selenium.remote.http.W3CHttpResponseCodec.decode(W3CHttpResponseCodec.java:122)
	at org.openqa.selenium.remote.http.W3CHttpResponseCodec.decode(W3CHttpResponseCodec.java:49)
	at org.openqa.selenium.remote.HttpCommandExecutor.execute(HttpCommandExecutor.java:158)
	at org.openqa.selenium.remote.service.DriverCommandExecutor.execute(DriverCommandExecutor.java:83)
	at org.openqa.selenium.remote.RemoteWebDriver.execute(RemoteWebDriver.java:552)
	at org.openqa.selenium.remote.RemoteWebDriver.get(RemoteWebDriver.java:277)
	at org.openqa.selenium.support.events.EventFiringWebDriver.lambda$new$1(EventFiringWebDriver.java:105)
	at com.sun.proxy.$Proxy22.get(Unknown Source)
	at org.openqa.selenium.support.events.EventFiringWebDriver.get(EventFiringWebDriver.java:165)
	at com.cogmento.qa.base.TestBase.initialization(TestBase.java:67)
	at com.cogmento.qa.testcases.LoginPageTest.setup(LoginPageTest.java:33)
	at java.util.ArrayList.forEach(ArrayList.java:1257)
... Removed 43 stack frames
</div> <!-- stack-trace -->
                </div> <!-- method-content -->
              </div> <!-- method -->
              <div class="method">
                <div class="method-content">
                  <a name="loginTest">
                  </a> <!-- loginTest -->
                  <span class="method-name">loginTest</span>
                  <div class="stack-trace">org.openqa.selenium.TimeoutException: timeout: Timed out receiving message from renderer: 28.876
  (Session info: chrome=86.0.4240.75)
Build info: version: &apos;3.141.59&apos;, revision: &apos;e82be7d358&apos;, time: &apos;2018-11-14T08:17:03&apos;
System info: host: &apos;ADMIN-PC&apos;, ip: &apos;192.168.0.186&apos;, os.name: &apos;Windows 7&apos;, os.arch: &apos;amd64&apos;, os.version: &apos;6.1&apos;, java.version: &apos;1.8.0_181&apos;
Driver info: org.openqa.selenium.chrome.ChromeDriver
Capabilities {acceptInsecureCerts: false, browserName: chrome, browserVersion: 86.0.4240.75, chrome: {chromedriverVersion: 85.0.4183.87 (cd6713ebf92fa..., userDataDir: C:\Users\admin\AppData\Loca...}, goog:chromeOptions: {debuggerAddress: localhost:65471}, javascriptEnabled: true, networkConnectionEnabled: false, pageLoadStrategy: normal, platform: WINDOWS, platformName: WINDOWS, proxy: Proxy(), setWindowRect: true, strictFileInteractability: false, timeouts: {implicit: 0, pageLoad: 300000, script: 30000}, unhandledPromptBehavior: dismiss and notify, webauthn:virtualAuthenticators: true}
Session ID: 87070557a6c920ee15c154f1346b688a
	at org.openqa.selenium.remote.http.W3CHttpResponseCodec.createException(W3CHttpResponseCodec.java:187)
	at org.openqa.selenium.remote.http.W3CHttpResponseCodec.decode(W3CHttpResponseCodec.java:122)
	at org.openqa.selenium.remote.http.W3CHttpResponseCodec.decode(W3CHttpResponseCodec.java:49)
	at org.openqa.selenium.remote.HttpCommandExecutor.execute(HttpCommandExecutor.java:158)
	at org.openqa.selenium.remote.service.DriverCommandExecutor.execute(DriverCommandExecutor.java:83)
	at org.openqa.selenium.remote.RemoteWebDriver.execute(RemoteWebDriver.java:552)
	at org.openqa.selenium.remote.RemoteWebDriver.get(RemoteWebDriver.java:277)
	at org.openqa.selenium.support.events.EventFiringWebDriver.lambda$new$1(EventFiringWebDriver.java:105)
	at com.sun.proxy.$Proxy22.get(Unknown Source)
	at org.openqa.selenium.support.events.EventFiringWebDriver.get(EventFiringWebDriver.java:165)
	at com.cogmento.qa.base.TestBase.initialization(TestBase.java:67)
	at com.cogmento.qa.testcases.LoginPageTest.setup(LoginPageTest.java:33)
	at java.util.ArrayList.forEach(ArrayList.java:1257)
... Removed 43 stack frames
</div> <!-- stack-trace -->
                </div> <!-- method-content -->
              </div> <!-- method -->
              <div class="method">
                <div class="method-content">
                  <a name="signupLinkTest">
                  </a> <!-- signupLinkTest -->
                  <span class="method-name">signupLinkTest</span>
                  <div class="stack-trace">org.openqa.selenium.TimeoutException: timeout: Timed out receiving message from renderer: 28.876
  (Session info: chrome=86.0.4240.75)
Build info: version: &apos;3.141.59&apos;, revision: &apos;e82be7d358&apos;, time: &apos;2018-11-14T08:17:03&apos;
System info: host: &apos;ADMIN-PC&apos;, ip: &apos;192.168.0.186&apos;, os.name: &apos;Windows 7&apos;, os.arch: &apos;amd64&apos;, os.version: &apos;6.1&apos;, java.version: &apos;1.8.0_181&apos;
Driver info: org.openqa.selenium.chrome.ChromeDriver
Capabilities {acceptInsecureCerts: false, browserName: chrome, browserVersion: 86.0.4240.75, chrome: {chromedriverVersion: 85.0.4183.87 (cd6713ebf92fa..., userDataDir: C:\Users\admin\AppData\Loca...}, goog:chromeOptions: {debuggerAddress: localhost:65471}, javascriptEnabled: true, networkConnectionEnabled: false, pageLoadStrategy: normal, platform: WINDOWS, platformName: WINDOWS, proxy: Proxy(), setWindowRect: true, strictFileInteractability: false, timeouts: {implicit: 0, pageLoad: 300000, script: 30000}, unhandledPromptBehavior: dismiss and notify, webauthn:virtualAuthenticators: true}
Session ID: 87070557a6c920ee15c154f1346b688a
	at org.openqa.selenium.remote.http.W3CHttpResponseCodec.createException(W3CHttpResponseCodec.java:187)
	at org.openqa.selenium.remote.http.W3CHttpResponseCodec.decode(W3CHttpResponseCodec.java:122)
	at org.openqa.selenium.remote.http.W3CHttpResponseCodec.decode(W3CHttpResponseCodec.java:49)
	at org.openqa.selenium.remote.HttpCommandExecutor.execute(HttpCommandExecutor.java:158)
	at org.openqa.selenium.remote.service.DriverCommandExecutor.execute(DriverCommandExecutor.java:83)
	at org.openqa.selenium.remote.RemoteWebDriver.execute(RemoteWebDriver.java:552)
	at org.openqa.selenium.remote.RemoteWebDriver.get(RemoteWebDriver.java:277)
	at org.openqa.selenium.support.events.EventFiringWebDriver.lambda$new$1(EventFiringWebDriver.java:105)
	at com.sun.proxy.$Proxy22.get(Unknown Source)
	at org.openqa.selenium.support.events.EventFiringWebDriver.get(EventFiringWebDriver.java:165)
	at com.cogmento.qa.base.TestBase.initialization(TestBase.java:67)
	at com.cogmento.qa.testcases.LoginPageTest.setup(LoginPageTest.java:33)
	at java.util.ArrayList.forEach(ArrayList.java:1257)
... Removed 43 stack frames
</div> <!-- stack-trace -->
                </div> <!-- method-content -->
              </div> <!-- method -->
            </div> <!-- main-panel-content rounded-window-bottom -->
          </div> <!-- suite-com_cogmento_qa-class-skipped -->
          <div class="suite-com_cogmento_qa-class-passed">
            <div class="main-panel-header rounded-window-top">
              <img src="passed.png"/>
              <span class="class-name">com.cogmento.qa.testcases.ContactsPageTest</span>
            </div> <!-- main-panel-header rounded-window-top -->
            <div class="main-panel-content rounded-window-bottom">
              <div class="method">
                <div class="method-content">
                  <a name="clickSelectAllCBTest">
                  </a> <!-- clickSelectAllCBTest -->
                  <span class="method-name">clickSelectAllCBTest</span>
                </div> <!-- method-content -->
              </div> <!-- method -->
              <div class="method">
                <div class="method-content">
                  <a name="createNewContactTest(Anthony, Stark, Stark Industries)">
                  </a> <!-- createNewContactTest(Anthony, Stark, Stark Industries) -->
                  <span class="method-name">createNewContactTest</span>
                  <span class="parameters">(Anthony, Stark, Stark Industries)</span>
                </div> <!-- method-content -->
              </div> <!-- method -->
              <div class="method">
                <div class="method-content">
                  <a name="createNewContactTest(Bruce, Wayne, Wayne Enterprises)">
                  </a> <!-- createNewContactTest(Bruce, Wayne, Wayne Enterprises) -->
                  <span class="method-name">createNewContactTest</span>
                  <span class="parameters">(Bruce, Wayne, Wayne Enterprises)</span>
                </div> <!-- method-content -->
              </div> <!-- method -->
              <div class="method">
                <div class="method-content">
                  <a name="verifyContactsLabelTest">
                  </a> <!-- verifyContactsLabelTest -->
                  <span class="method-name">verifyContactsLabelTest</span>
                </div> <!-- method-content -->
              </div> <!-- method -->
            </div> <!-- main-panel-content rounded-window-bottom -->
          </div> <!-- suite-com_cogmento_qa-class-passed -->
          <div class="suite-com_cogmento_qa-class-passed">
            <div class="main-panel-header rounded-window-top">
              <img src="passed.png"/>
              <span class="class-name">com.cogmento.qa.testcases.LandingPageTest</span>
            </div> <!-- main-panel-header rounded-window-top -->
            <div class="main-panel-content rounded-window-bottom">
              <div class="method">
                <div class="method-content">
                  <a name="signUpBtnTest">
                  </a> <!-- signUpBtnTest -->
                  <span class="method-name">signUpBtnTest</span>
                </div> <!-- method-content -->
              </div> <!-- method -->
              <div class="method">
                <div class="method-content">
                  <a name="verifySloganTextTest">
                  </a> <!-- verifySloganTextTest -->
                  <span class="method-name">verifySloganTextTest</span>
                </div> <!-- method-content -->
              </div> <!-- method -->
              <div class="method">
                <div class="method-content">
                  <a name="verifyTitleTest">
                  </a> <!-- verifyTitleTest -->
                  <span class="method-name">verifyTitleTest</span>
                </div> <!-- method-content -->
              </div> <!-- method -->
            </div> <!-- main-panel-content rounded-window-bottom -->
          </div> <!-- suite-com_cogmento_qa-class-passed -->
          <div class="suite-com_cogmento_qa-class-passed">
            <div class="main-panel-header rounded-window-top">
              <img src="passed.png"/>
              <span class="class-name">com.cogmento.qa.testcases.HomePageTest</span>
            </div> <!-- main-panel-header rounded-window-top -->
            <div class="main-panel-content rounded-window-bottom">
              <div class="method">
                <div class="method-content">
                  <a name="contactsPageLinkTest">
                  </a> <!-- contactsPageLinkTest -->
                  <span class="method-name">contactsPageLinkTest</span>
                </div> <!-- method-content -->
              </div> <!-- method -->
              <div class="method">
                <div class="method-content">
                  <a name="verifyHomePageTitleTest">
                  </a> <!-- verifyHomePageTitleTest -->
                  <span class="method-name">verifyHomePageTitleTest</span>
                </div> <!-- method-content -->
              </div> <!-- method -->
              <div class="method">
                <div class="method-content">
                  <a name="verifyUserNameLabelTest">
                  </a> <!-- verifyUserNameLabelTest -->
                  <span class="method-name">verifyUserNameLabelTest</span>
                </div> <!-- method-content -->
              </div> <!-- method -->
            </div> <!-- main-panel-content rounded-window-bottom -->
          </div> <!-- suite-com_cogmento_qa-class-passed -->
        </div> <!-- panel com_cogmento_qa -->
        <div panel-name="test-xml-com_cogmento_qa" class="panel">
          <div class="main-panel-header rounded-window-top">
            <span class="header-content">C:\Users\admin\eclipse-workspace\CogmentoCRMFramework\testng.xml</span>
          </div> <!-- main-panel-header rounded-window-top -->
          <div class="main-panel-content rounded-window-bottom">
            <pre>
&lt;?xml version=&quot;1.0&quot; encoding=&quot;UTF-8&quot;?&gt;
&lt;!DOCTYPE suite SYSTEM &quot;https://testng.org/testng-1.0.dtd&quot;&gt;
&lt;suite guice-stage=&quot;DEVELOPMENT&quot; verbose=&quot;0&quot; name=&quot;com.cogmento.qa&quot;&gt;
  &lt;listeners&gt;
    &lt;listener class-name=&quot;com.cogmento.qa.ExtentReportListener.ExtentReporterNG&quot;/&gt;
  &lt;/listeners&gt;
  &lt;test thread-count=&quot;5&quot; verbose=&quot;0&quot; name=&quot;RegressionTest&quot;&gt;
    &lt;classes&gt;
      &lt;class name=&quot;com.cogmento.qa.testcases.LandingPageTest&quot;/&gt;
      &lt;class name=&quot;com.cogmento.qa.testcases.LoginPageTest&quot;/&gt;
      &lt;class name=&quot;com.cogmento.qa.testcases.HomePageTest&quot;/&gt;
      &lt;class name=&quot;com.cogmento.qa.testcases.ContactsPageTest&quot;/&gt;
    &lt;/classes&gt;
  &lt;/test&gt; &lt;!-- RegressionTest --&gt;
&lt;/suite&gt; &lt;!-- com.cogmento.qa --&gt;
            </pre>
          </div> <!-- main-panel-content rounded-window-bottom -->
        </div> <!-- panel -->
        <div panel-name="testlist-com_cogmento_qa" class="panel">
          <div class="main-panel-header rounded-window-top">
            <span class="header-content">Tests for com.cogmento.qa</span>
          </div> <!-- main-panel-header rounded-window-top -->
          <div class="main-panel-content rounded-window-bottom">
            <ul>
              <li>
                <span class="test-name">RegressionTest (4 classes)</span>
              </li>
            </ul>
          </div> <!-- main-panel-content rounded-window-bottom -->
        </div> <!-- panel -->
        <div panel-name="group-com_cogmento_qa" class="panel">
          <div class="main-panel-header rounded-window-top">
            <span class="header-content">Groups for com.cogmento.qa</span>
          </div> <!-- main-panel-header rounded-window-top -->
          <div class="main-panel-content rounded-window-bottom">
          </div> <!-- main-panel-content rounded-window-bottom -->
        </div> <!-- panel -->
        <div panel-name="times-com_cogmento_qa" class="panel">
          <div class="main-panel-header rounded-window-top">
            <span class="header-content">Times for com.cogmento.qa</span>
          </div> <!-- main-panel-header rounded-window-top -->
          <div class="main-panel-content rounded-window-bottom">
            <div class="times-div">
              <script type="text/javascript">
suiteTableInitFunctions.push('tableData_com_cogmento_qa');
function tableData_com_cogmento_qa() {
var data = new google.visualization.DataTable();
data.addColumn('number', 'Number');
data.addColumn('string', 'Method');
data.addColumn('string', 'Class');
data.addColumn('number', 'Time (ms)');
data.addRows(15);
data.setCell(0, 0, 0)
data.setCell(0, 1, 'loginBtnTest')
data.setCell(0, 2, 'com.cogmento.qa.testcases.LandingPageTest')
data.setCell(0, 3, 31140);
data.setCell(1, 0, 1)
data.setCell(1, 1, 'createNewContactTest')
data.setCell(1, 2, 'com.cogmento.qa.testcases.ContactsPageTest')
data.setCell(1, 3, 30663);
data.setCell(2, 0, 2)
data.setCell(2, 1, 'signUpBtnTest')
data.setCell(2, 2, 'com.cogmento.qa.testcases.LandingPageTest')
data.setCell(2, 3, 10319);
data.setCell(3, 0, 3)
data.setCell(3, 1, 'contactsPageLinkTest')
data.setCell(3, 2, 'com.cogmento.qa.testcases.HomePageTest')
data.setCell(3, 3, 3692);
data.setCell(4, 0, 4)
data.setCell(4, 1, 'createNewContactTest')
data.setCell(4, 2, 'com.cogmento.qa.testcases.ContactsPageTest')
data.setCell(4, 3, 3685);
data.setCell(5, 0, 5)
data.setCell(5, 1, 'createNewContactTest')
data.setCell(5, 2, 'com.cogmento.qa.testcases.ContactsPageTest')
data.setCell(5, 3, 3520);
data.setCell(6, 0, 6)
data.setCell(6, 1, 'verifySloganTextTest')
data.setCell(6, 2, 'com.cogmento.qa.testcases.LandingPageTest')
data.setCell(6, 3, 1562);
data.setCell(7, 0, 7)
data.setCell(7, 1, 'verifyUserNameLabelTest')
data.setCell(7, 2, 'com.cogmento.qa.testcases.HomePageTest')
data.setCell(7, 3, 1510);
data.setCell(8, 0, 8)
data.setCell(8, 1, 'clickSelectAllCBTest')
data.setCell(8, 2, 'com.cogmento.qa.testcases.ContactsPageTest')
data.setCell(8, 3, 1074);
data.setCell(9, 0, 9)
data.setCell(9, 1, 'verifyContactsLabelTest')
data.setCell(9, 2, 'com.cogmento.qa.testcases.ContactsPageTest')
data.setCell(9, 3, 219);
data.setCell(10, 0, 10)
data.setCell(10, 1, 'verifyTitleTest')
data.setCell(10, 2, 'com.cogmento.qa.testcases.LandingPageTest')
data.setCell(10, 3, 44);
data.setCell(11, 0, 11)
data.setCell(11, 1, 'verifyHomePageTitleTest')
data.setCell(11, 2, 'com.cogmento.qa.testcases.HomePageTest')
data.setCell(11, 3, 16);
data.setCell(12, 0, 12)
data.setCell(12, 1, 'loginTest')
data.setCell(12, 2, 'com.cogmento.qa.testcases.LoginPageTest')
data.setCell(12, 3, 0);
data.setCell(13, 0, 13)
data.setCell(13, 1, 'forgotPasswordLinkTest')
data.setCell(13, 2, 'com.cogmento.qa.testcases.LoginPageTest')
data.setCell(13, 3, 0);
data.setCell(14, 0, 14)
data.setCell(14, 1, 'signupLinkTest')
data.setCell(14, 2, 'com.cogmento.qa.testcases.LoginPageTest')
data.setCell(14, 3, 0);
window.suiteTableData['com_cogmento_qa']= { tableData: data, tableDiv: 'times-div-com_cogmento_qa'}
return data;
}
              </script>
              <span class="suite-total-time">Total running time: 1 minutes</span>
              <div id="times-div-com_cogmento_qa">
              </div> <!-- times-div-com_cogmento_qa -->
            </div> <!-- times-div -->
          </div> <!-- main-panel-content rounded-window-bottom -->
        </div> <!-- panel -->
        <div panel-name="reporter-com_cogmento_qa" class="panel">
          <div class="main-panel-header rounded-window-top">
            <span class="header-content">Reporter output for com.cogmento.qa</span>
          </div> <!-- main-panel-header rounded-window-top -->
          <div class="main-panel-content rounded-window-bottom">
          </div> <!-- main-panel-content rounded-window-bottom -->
        </div> <!-- panel -->
        <div panel-name="ignored-methods-com_cogmento_qa" class="panel">
          <div class="main-panel-header rounded-window-top">
            <span class="header-content">0 ignored methods</span>
          </div> <!-- main-panel-header rounded-window-top -->
          <div class="main-panel-content rounded-window-bottom">
          </div> <!-- main-panel-content rounded-window-bottom -->
        </div> <!-- panel -->
        <div panel-name="chronological-com_cogmento_qa" class="panel">
          <div class="main-panel-header rounded-window-top">
            <span class="header-content">Methods in chronological order</span>
          </div> <!-- main-panel-header rounded-window-top -->
          <div class="main-panel-content rounded-window-bottom">
            <div class="chronological-class">
              <div class="chronological-class-name">com.cogmento.qa.testcases.LandingPageTest</div> <!-- chronological-class-name -->
              <div class="configuration-method before">
                <span class="method-name">setup</span>
                <span class="method-start">0 ms</span>
              </div> <!-- configuration-method before -->
              <div class="test-method">
                <span class="method-name">verifyTitleTest</span>
                <span class="method-start">27041 ms</span>
              </div> <!-- test-method -->
              <div class="configuration-method after">
                <span class="method-name">teardown</span>
                <span class="method-start">27087 ms</span>
              </div> <!-- configuration-method after -->
              <div class="configuration-method before">
                <span class="method-name">setup</span>
                <span class="method-start">27976 ms</span>
              </div> <!-- configuration-method before -->
              <div class="test-method">
                <span class="method-name">verifySloganTextTest</span>
                <span class="method-start">39927 ms</span>
              </div> <!-- test-method -->
              <div class="configuration-method after">
                <span class="method-name">teardown</span>
                <span class="method-start">41489 ms</span>
              </div> <!-- configuration-method after -->
              <div class="configuration-method before">
                <span class="method-name">setup</span>
                <span class="method-start">43226 ms</span>
              </div> <!-- configuration-method before -->
              <div class="test-method">
                <span class="method-name">signUpBtnTest</span>
                <span class="method-start">53737 ms</span>
              </div> <!-- test-method -->
              <div class="configuration-method after">
                <span class="method-name">teardown</span>
                <span class="method-start">64057 ms</span>
              </div> <!-- configuration-method after -->
              <div class="configuration-method before">
                <span class="method-name">setup</span>
                <span class="method-start">64788 ms</span>
              </div> <!-- configuration-method before -->
              <div class="test-method">
                <img src="failed.png">
                </img>
                <span class="method-name">loginBtnTest</span>
                <span class="method-start">75378 ms</span>
              </div> <!-- test-method -->
              <div class="configuration-method after">
                <span class="method-name">teardown</span>
                <span class="method-start">106616 ms</span>
              </div> <!-- configuration-method after -->
            </div> <!-- chronological-class -->
            <div class="chronological-class">
              <div class="chronological-class-name">com.cogmento.qa.testcases.LoginPageTest</div> <!-- chronological-class-name -->
              <div class="configuration-method before">
                <img src="failed.png">
                </img>
                <span class="method-name">setup</span>
                <span class="method-start">107420 ms</span>
              </div> <!-- configuration-method before -->
              <div class="test-method">
                <span class="method-name">loginTest</span>
                <span class="method-start">143889 ms</span>
              </div> <!-- test-method -->
              <div class="configuration-method after">
                <span class="method-name">tearDown</span>
                <span class="method-start">143890 ms</span>
              </div> <!-- configuration-method after -->
              <div class="configuration-method before">
                <span class="method-name">setup</span>
                <span class="method-start">143891 ms</span>
              </div> <!-- configuration-method before -->
              <div class="test-method">
                <span class="method-name">forgotPasswordLinkTest</span>
                <span class="method-start">143892 ms</span>
              </div> <!-- test-method -->
              <div class="configuration-method after">
                <span class="method-name">tearDown</span>
                <span class="method-start">143894 ms</span>
              </div> <!-- configuration-method after -->
              <div class="configuration-method before">
                <span class="method-name">setup</span>
                <span class="method-start">143894 ms</span>
              </div> <!-- configuration-method before -->
              <div class="test-method">
                <span class="method-name">signupLinkTest</span>
                <span class="method-start">143895 ms</span>
              </div> <!-- test-method -->
              <div class="configuration-method after">
                <span class="method-name">tearDown</span>
                <span class="method-start">143896 ms</span>
              </div> <!-- configuration-method after -->
            </div> <!-- chronological-class -->
            <div class="chronological-class">
              <div class="chronological-class-name">com.cogmento.qa.testcases.HomePageTest</div> <!-- chronological-class-name -->
              <div class="configuration-method before">
                <span class="method-name">setUp</span>
                <span class="method-start">143897 ms</span>
              </div> <!-- configuration-method before -->
              <div class="test-method">
                <span class="method-name">contactsPageLinkTest</span>
                <span class="method-start">212168 ms</span>
              </div> <!-- test-method -->
              <div class="configuration-method after">
                <span class="method-name">tearDown</span>
                <span class="method-start">215866 ms</span>
              </div> <!-- configuration-method after -->
              <div class="configuration-method before">
                <span class="method-name">setUp</span>
                <span class="method-start">220270 ms</span>
              </div> <!-- configuration-method before -->
              <div class="test-method">
                <span class="method-name">verifyHomePageTitleTest</span>
                <span class="method-start">266011 ms</span>
              </div> <!-- test-method -->
              <div class="configuration-method after">
                <span class="method-name">tearDown</span>
                <span class="method-start">266028 ms</span>
              </div> <!-- configuration-method after -->
              <div class="configuration-method before">
                <span class="method-name">setUp</span>
                <span class="method-start">267225 ms</span>
              </div> <!-- configuration-method before -->
              <div class="test-method">
                <span class="method-name">verifyUserNameLabelTest</span>
                <span class="method-start">296817 ms</span>
              </div> <!-- test-method -->
              <div class="configuration-method after">
                <span class="method-name">tearDown</span>
                <span class="method-start">298328 ms</span>
              </div> <!-- configuration-method after -->
            </div> <!-- chronological-class -->
            <div class="chronological-class">
              <div class="chronological-class-name">com.cogmento.qa.testcases.ContactsPageTest</div> <!-- chronological-class-name -->
              <div class="configuration-method before">
                <span class="method-name">setUp</span>
                <span class="method-start">299052 ms</span>
              </div> <!-- configuration-method before -->
              <div class="test-method">
                <span class="method-name">verifyContactsLabelTest</span>
                <span class="method-start">318460 ms</span>
              </div> <!-- test-method -->
              <div class="configuration-method after">
                <span class="method-name">tearDown</span>
                <span class="method-start">318679 ms</span>
              </div> <!-- configuration-method after -->
              <div class="configuration-method before">
                <span class="method-name">setUp</span>
                <span class="method-start">319530 ms</span>
              </div> <!-- configuration-method before -->
              <div class="test-method">
                <span class="method-name">clickSelectAllCBTest</span>
                <span class="method-start">336784 ms</span>
              </div> <!-- test-method -->
              <div class="configuration-method after">
                <span class="method-name">tearDown</span>
                <span class="method-start">337859 ms</span>
              </div> <!-- configuration-method after -->
              <div class="configuration-method before">
                <span class="method-name">setUp</span>
                <span class="method-start">343283 ms</span>
              </div> <!-- configuration-method before -->
              <div class="test-method">
                <span class="method-name">createNewContactTest(Anthony, Stark, Stark Industries)</span>
                <span class="method-start">360817 ms</span>
              </div> <!-- test-method -->
              <div class="configuration-method after">
                <span class="method-name">tearDown</span>
                <span class="method-start">364339 ms</span>
              </div> <!-- configuration-method after -->
              <div class="configuration-method before">
                <span class="method-name">setUp</span>
                <span class="method-start">365549 ms</span>
              </div> <!-- configuration-method before -->
              <div class="test-method">
                <span class="method-name">createNewContactTest(Bruce, Wayne, Wayne Enterprises)</span>
                <span class="method-start">383340 ms</span>
              </div> <!-- test-method -->
              <div class="configuration-method after">
                <span class="method-name">tearDown</span>
                <span class="method-start">387025 ms</span>
              </div> <!-- configuration-method after -->
              <div class="configuration-method before">
                <span class="method-name">setUp</span>
                <span class="method-start">389052 ms</span>
              </div> <!-- configuration-method before -->
              <div class="test-method">
                <img src="failed.png">
                </img>
                <span class="method-name">createNewContactTest(Bruce, Banner, Banner's Lab)</span>
                <span class="method-start">407484 ms</span>
              </div> <!-- test-method -->
              <div class="configuration-method after">
                <span class="method-name">tearDown</span>
                <span class="method-start">438148 ms</span>
              </div> <!-- configuration-method after -->
          </div> <!-- main-panel-content rounded-window-bottom -->
        </div> <!-- panel -->
      </div> <!-- main-panel-root -->
    </div> <!-- wrapper -->
  </body>
</html>
